2022-07-13 21:26:45,283 WARN [restartedMain] o.a.c.c.C.[.[.[/community] [DirectJDKLog.java:173] Cannot deserialize session attribute [SPRING_SECURITY_CONTEXT] for session [F9CE16F07F6AF103F7E64A002569880F]
2022-07-13 21:26:52,393 WARN [restartedMain] o.s.b.w.s.c.AnnotationConfigServletWebServerApplicationContext [AbstractApplicationContext.java:591] Exception encountered during context initialization - cancelling refresh attempt: org.springframework.beans.factory.UnsatisfiedDependencyException: Error creating bean with name 'searchController': Unsatisfied dependency expressed through field 'elasticsearchService'; nested exception is org.springframework.beans.factory.UnsatisfiedDependencyException: Error creating bean with name 'elasticsearchService': Unsatisfied dependency expressed through field 'discussPostRepository'; nested exception is org.springframework.beans.factory.BeanCreationException: Error creating bean with name 'discussPostRepository' defined in com.nowcoder.community.dao.elasticsearch.DiscussPostRepository defined in @EnableElasticsearchRepositories declared on ElasticsearchRepositoriesRegistrar.EnableElasticsearchRepositoriesConfiguration: Invocation of init method failed; nested exception is org.springframework.beans.BeanInstantiationException: Failed to instantiate [org.springframework.data.elasticsearch.repository.support.SimpleElasticsearchRepository]: Constructor threw exception; nested exception is org.springframework.data.elasticsearch.UncategorizedElasticsearchException: java.util.concurrent.ExecutionException: java.net.ConnectException: Connection refused: no further information; nested exception is ElasticsearchException[java.util.concurrent.ExecutionException: java.net.ConnectException: Connection refused: no further information]; nested: ExecutionException[java.net.ConnectException: Connection refused: no further information]; nested: ConnectException[Connection refused: no further information];
2022-07-13 21:26:52,449 WARN [restartedMain] o.a.c.l.WebappClassLoaderBase [DirectJDKLog.java:173] The web application [community] appears to have started a thread named [logback-2] but has failed to stop it. This is very likely to create a memory leak. Stack trace of thread:
 java.base@17.0.2/jdk.internal.misc.Unsafe.park(Native Method)
 java.base@17.0.2/java.util.concurrent.locks.LockSupport.park(LockSupport.java:341)
 java.base@17.0.2/java.util.concurrent.locks.AbstractQueuedSynchronizer$ConditionNode.block(AbstractQueuedSynchronizer.java:506)
 java.base@17.0.2/java.util.concurrent.ForkJoinPool.unmanagedBlock(ForkJoinPool.java:3463)
 java.base@17.0.2/java.util.concurrent.ForkJoinPool.managedBlock(ForkJoinPool.java:3434)
 java.base@17.0.2/java.util.concurrent.locks.AbstractQueuedSynchronizer$ConditionObject.await(AbstractQueuedSynchronizer.java:1623)
 java.base@17.0.2/java.util.concurrent.ScheduledThreadPoolExecutor$DelayedWorkQueue.take(ScheduledThreadPoolExecutor.java:1170)
 java.base@17.0.2/java.util.concurrent.ScheduledThreadPoolExecutor$DelayedWorkQueue.take(ScheduledThreadPoolExecutor.java:899)
 java.base@17.0.2/java.util.concurrent.ThreadPoolExecutor.getTask(ThreadPoolExecutor.java:1062)
 java.base@17.0.2/java.util.concurrent.ThreadPoolExecutor.runWorker(ThreadPoolExecutor.java:1122)
 java.base@17.0.2/java.util.concurrent.ThreadPoolExecutor$Worker.run(ThreadPoolExecutor.java:635)
 java.base@17.0.2/java.lang.Thread.run(Thread.java:833)
2022-07-13 21:27:58,173 WARN [I/O dispatcher 1] o.e.c.RestClient [RequestLogger.java:65] request [GET http://127.0.0.1:9200/] returned 1 warnings: [299 Elasticsearch-7.15.2-93d5a7f6192e8a1a12e154a2b81bf6fa7309da0c "Elasticsearch built-in security features are not enabled. Without authentication, your cluster could be accessible to anyone. See https://www.elastic.co/guide/en/elasticsearch/reference/7.15/security-minimal-setup.html to enable security."]
2022-07-13 21:27:58,229 WARN [restartedMain] o.e.c.RestClient [RequestLogger.java:65] request [HEAD http://127.0.0.1:9200/discusspost?ignore_throttled=false&ignore_unavailable=false&expand_wildcards=open%2Cclosed&allow_no_indices=false] returned 1 warnings: [299 Elasticsearch-7.15.2-93d5a7f6192e8a1a12e154a2b81bf6fa7309da0c "Elasticsearch built-in security features are not enabled. Without authentication, your cluster could be accessible to anyone. See https://www.elastic.co/guide/en/elasticsearch/reference/7.15/security-minimal-setup.html to enable security."]
2022-07-13 21:27:59,397 WARN [restartedMain] o.s.s.c.a.w.b.WebSecurity [WebSecurity.java:294] You are asking Spring Security to ignore Ant [pattern='/resources/**']. This is not recommended -- please use permitAll via HttpSecurity#authorizeHttpRequests instead.
2022-07-13 21:28:52,816 WARN [http-nio-8080-exec-2] o.s.w.s.m.m.a.ExceptionHandlerExceptionResolver [AbstractHandlerExceptionResolver.java:208] Resolved [java.lang.NullPointerException: Cannot invoke "com.nowcoder.community.entity.User.getId()" because "user" is null]
2022-07-13 21:28:52,986 WARN [http-nio-8080-exec-1] o.s.w.s.m.m.a.ExceptionHandlerExceptionResolver [AbstractHandlerExceptionResolver.java:208] Resolved [java.lang.NullPointerException: Cannot invoke "com.nowcoder.community.entity.User.getId()" because "user" is null]
2022-07-13 21:28:53,205 WARN [http-nio-8080-exec-5] o.s.w.s.m.m.a.ExceptionHandlerExceptionResolver [AbstractHandlerExceptionResolver.java:208] Resolved [java.lang.NullPointerException: Cannot invoke "com.nowcoder.community.entity.User.getId()" because "user" is null]
2022-07-13 21:28:53,296 WARN [http-nio-8080-exec-3] o.s.w.s.m.m.a.ExceptionHandlerExceptionResolver [AbstractHandlerExceptionResolver.java:208] Resolved [java.lang.NullPointerException: Cannot invoke "com.nowcoder.community.entity.User.getId()" because "user" is null]
2022-07-13 21:28:53,539 WARN [http-nio-8080-exec-4] o.s.w.s.m.m.a.ExceptionHandlerExceptionResolver [AbstractHandlerExceptionResolver.java:208] Resolved [java.lang.NullPointerException: Cannot invoke "com.nowcoder.community.entity.User.getId()" because "user" is null]
2022-07-13 21:28:53,777 WARN [http-nio-8080-exec-6] o.s.w.s.m.m.a.ExceptionHandlerExceptionResolver [AbstractHandlerExceptionResolver.java:208] Resolved [java.lang.NullPointerException: Cannot invoke "com.nowcoder.community.entity.User.getId()" because "user" is null]
2022-07-13 21:28:54,114 WARN [http-nio-8080-exec-7] o.s.w.s.m.m.a.ExceptionHandlerExceptionResolver [AbstractHandlerExceptionResolver.java:208] Resolved [java.lang.NullPointerException: Cannot invoke "com.nowcoder.community.entity.User.getId()" because "user" is null]
2022-07-13 21:28:54,255 WARN [http-nio-8080-exec-8] o.s.w.s.m.m.a.ExceptionHandlerExceptionResolver [AbstractHandlerExceptionResolver.java:208] Resolved [java.lang.NullPointerException: Cannot invoke "com.nowcoder.community.entity.User.getId()" because "user" is null]
2022-07-13 21:28:54,532 WARN [http-nio-8080-exec-9] o.s.w.s.m.m.a.ExceptionHandlerExceptionResolver [AbstractHandlerExceptionResolver.java:208] Resolved [java.lang.NullPointerException: Cannot invoke "com.nowcoder.community.entity.User.getId()" because "user" is null]
2022-07-13 21:28:54,677 WARN [http-nio-8080-exec-10] o.s.w.s.m.m.a.ExceptionHandlerExceptionResolver [AbstractHandlerExceptionResolver.java:208] Resolved [java.lang.NullPointerException: Cannot invoke "com.nowcoder.community.entity.User.getId()" because "user" is null]
2022-07-13 21:28:54,813 WARN [http-nio-8080-exec-2] o.s.w.s.m.m.a.ExceptionHandlerExceptionResolver [AbstractHandlerExceptionResolver.java:208] Resolved [java.lang.NullPointerException: Cannot invoke "com.nowcoder.community.entity.User.getId()" because "user" is null]
2022-07-13 21:28:54,916 WARN [http-nio-8080-exec-1] o.s.w.s.m.m.a.ExceptionHandlerExceptionResolver [AbstractHandlerExceptionResolver.java:208] Resolved [java.lang.NullPointerException: Cannot invoke "com.nowcoder.community.entity.User.getId()" because "user" is null]
2022-07-13 21:28:54,981 WARN [http-nio-8080-exec-5] o.s.w.s.m.m.a.ExceptionHandlerExceptionResolver [AbstractHandlerExceptionResolver.java:208] Resolved [java.lang.NullPointerException: Cannot invoke "com.nowcoder.community.entity.User.getId()" because "user" is null]
2022-07-13 21:28:55,087 WARN [http-nio-8080-exec-3] o.s.w.s.m.m.a.ExceptionHandlerExceptionResolver [AbstractHandlerExceptionResolver.java:208] Resolved [java.lang.NullPointerException: Cannot invoke "com.nowcoder.community.entity.User.getId()" because "user" is null]
2022-07-13 21:28:55,187 WARN [http-nio-8080-exec-4] o.s.w.s.m.m.a.ExceptionHandlerExceptionResolver [AbstractHandlerExceptionResolver.java:208] Resolved [java.lang.NullPointerException: Cannot invoke "com.nowcoder.community.entity.User.getId()" because "user" is null]
2022-07-13 21:28:55,283 WARN [http-nio-8080-exec-6] o.s.w.s.m.m.a.ExceptionHandlerExceptionResolver [AbstractHandlerExceptionResolver.java:208] Resolved [java.lang.NullPointerException: Cannot invoke "com.nowcoder.community.entity.User.getId()" because "user" is null]
2022-07-13 21:28:55,361 WARN [http-nio-8080-exec-7] o.s.w.s.m.m.a.ExceptionHandlerExceptionResolver [AbstractHandlerExceptionResolver.java:208] Resolved [java.lang.NullPointerException: Cannot invoke "com.nowcoder.community.entity.User.getId()" because "user" is null]
2022-07-13 21:28:55,635 WARN [http-nio-8080-exec-8] o.s.w.s.m.m.a.ExceptionHandlerExceptionResolver [AbstractHandlerExceptionResolver.java:208] Resolved [java.lang.NullPointerException: Cannot invoke "com.nowcoder.community.entity.User.getId()" because "user" is null]
2022-07-13 21:28:55,784 WARN [http-nio-8080-exec-9] o.s.w.s.m.m.a.ExceptionHandlerExceptionResolver [AbstractHandlerExceptionResolver.java:208] Resolved [java.lang.NullPointerException: Cannot invoke "com.nowcoder.community.entity.User.getId()" because "user" is null]
2022-07-13 21:28:55,988 WARN [http-nio-8080-exec-10] o.s.w.s.m.m.a.ExceptionHandlerExceptionResolver [AbstractHandlerExceptionResolver.java:208] Resolved [java.lang.NullPointerException: Cannot invoke "com.nowcoder.community.entity.User.getId()" because "user" is null]
2022-07-13 21:28:56,230 WARN [http-nio-8080-exec-10] o.s.w.s.m.m.a.ExceptionHandlerExceptionResolver [AbstractHandlerExceptionResolver.java:208] Resolved [java.lang.NullPointerException: Cannot invoke "com.nowcoder.community.entity.User.getId()" because "user" is null]
2022-07-13 21:29:53,547 WARN [I/O dispatcher 1] o.e.c.RestClient [RequestLogger.java:65] request [GET http://127.0.0.1:9200/] returned 1 warnings: [299 Elasticsearch-7.15.2-93d5a7f6192e8a1a12e154a2b81bf6fa7309da0c "Elasticsearch built-in security features are not enabled. Without authentication, your cluster could be accessible to anyone. See https://www.elastic.co/guide/en/elasticsearch/reference/7.15/security-minimal-setup.html to enable security."]
2022-07-13 21:29:53,645 WARN [restartedMain] o.e.c.RestClient [RequestLogger.java:65] request [HEAD http://127.0.0.1:9200/discusspost?ignore_throttled=false&ignore_unavailable=false&expand_wildcards=open%2Cclosed&allow_no_indices=false] returned 1 warnings: [299 Elasticsearch-7.15.2-93d5a7f6192e8a1a12e154a2b81bf6fa7309da0c "Elasticsearch built-in security features are not enabled. Without authentication, your cluster could be accessible to anyone. See https://www.elastic.co/guide/en/elasticsearch/reference/7.15/security-minimal-setup.html to enable security."]
2022-07-13 21:29:55,483 WARN [restartedMain] o.s.s.c.a.w.b.WebSecurity [WebSecurity.java:294] You are asking Spring Security to ignore Ant [pattern='/resources/**']. This is not recommended -- please use permitAll via HttpSecurity#authorizeHttpRequests instead.
